<?xml version="1.0" encoding="UTF-8"?>
<!-- Generated by org.testng.reporters.JUnitReportReporter -->
<testsuite hostname="CLAS-VAIO" name="com.galenframework.java.sample.tests.WelcomePageTest" tests="2" failures="0" timestamp="2 Jan 2019 18:18:05 GMT" time="30.705" errors="0">
  <testcase name="welcomePage" time="14.962" classname="com.galenframework.java.sample.tests.WelcomePageTest"/>
  <testcase name="welcomePage" time="15.743" classname="com.galenframework.java.sample.tests.WelcomePageTest"/>
</testsuite> <!-- com.galenframework.java.sample.tests.WelcomePageTest -->
