<?xml version="1.0" encoding="UTF-8"?>
<!-- Generated by org.testng.reporters.JUnitReportReporter -->
<testsuite hostname="CLAS-VAIO" name="com.galenframework.java.sample.tests.WelcomePageTest" tests="1" failures="0" timestamp="1 Jan 2019 17:14:13 GMT" time="17.891" errors="0">
  <testcase name="welcomePage" time="17.891" classname="com.galenframework.java.sample.tests.WelcomePageTest"/>
</testsuite> <!-- com.galenframework.java.sample.tests.WelcomePageTest -->
